Построение начато 16.12.2016 16:33:38.
     1>Проект "C:\Users\nikita\Documents\Visual Studio 2010\Projects\dss\dss\dss.vcxproj" в узле 2 (целевые объекты build).
     1>InitializeBuildStatus:
         Создание "Debug\dss.unsuccessfulbuild", так как было задано "AlwaysCreate".
       ClCompile:
         C:\Program Files (x86)\Microsoft Visual Studio 10.0\VC\bin\CL.exe /c /ZI /nologo /W3 /WX- /Od /Oy- /D _MBCS /Gm /EHsc /RTC1 /MDd /GS /fp:precise /Zc:wchar_t /Zc:forScope /Fo"Debug\\" /Fd"Debug\vc100.pdb" /Gd /TP /analyze- /errorReport:prompt dss.cpp
         dss.cpp
     1>c:\users\nikita\documents\visual studio 2010\projects\dss\dss\dss.cpp(100): warning C4244: аргумент: преобразование "__int64" в "int", возможна потеря данных
     1>c:\users\nikita\documents\visual studio 2010\projects\dss\dss\dss.cpp(100): warning C4244: аргумент: преобразование "__int64" в "int", возможна потеря данных
     1>c:\users\nikita\documents\visual studio 2010\projects\dss\dss\dss.cpp(100): warning C4244: аргумент: преобразование "__int64" в "int", возможна потеря данных
     1>c:\users\nikita\documents\visual studio 2010\projects\dss\dss\dss.cpp(113): warning C4244: аргумент: преобразование "__int64" в "int", возможна потеря данных
     1>c:\users\nikita\documents\visual studio 2010\projects\dss\dss\dss.cpp(113): warning C4244: аргумент: преобразование "__int64" в "int", возможна потеря данных
     1>c:\users\nikita\documents\visual studio 2010\projects\dss\dss\dss.cpp(113): warning C4244: аргумент: преобразование "__int64" в "int", возможна потеря данных
     1>c:\users\nikita\documents\visual studio 2010\projects\dss\dss\dss.cpp(118): warning C4244: аргумент: преобразование "__int64" в "int", возможна потеря данных
     1>c:\users\nikita\documents\visual studio 2010\projects\dss\dss\dss.cpp(118): warning C4244: аргумент: преобразование "__int64" в "int", возможна потеря данных
     1>c:\users\nikita\documents\visual studio 2010\projects\dss\dss\dss.cpp(118): warning C4244: аргумент: преобразование "__int64" в "int", возможна потеря данных
     1>c:\users\nikita\documents\visual studio 2010\projects\dss\dss\dss.cpp(118): warning C4244: аргумент: преобразование "__int64" в "int", возможна потеря данных
     1>c:\users\nikita\documents\visual studio 2010\projects\dss\dss\dss.cpp(119): warning C4244: аргумент: преобразование "__int64" в "int", возможна потеря данных
     1>c:\users\nikita\documents\visual studio 2010\projects\dss\dss\dss.cpp(119): warning C4244: аргумент: преобразование "__int64" в "int", возможна потеря данных
     1>c:\users\nikita\documents\visual studio 2010\projects\dss\dss\dss.cpp(119): warning C4244: аргумент: преобразование "__int64" в "int", возможна потеря данных
     1>c:\users\nikita\documents\visual studio 2010\projects\dss\dss\dss.cpp(119): warning C4244: аргумент: преобразование "__int64" в "int", возможна потеря данных
     1>c:\users\nikita\documents\visual studio 2010\projects\dss\dss\dss.cpp(119): warning C4244: аргумент: преобразование "__int64" в "int", возможна потеря данных
     1>c:\users\nikita\documents\visual studio 2010\projects\dss\dss\dss.cpp(119): warning C4244: аргумент: преобразование "__int64" в "int", возможна потеря данных
     1>c:\users\nikita\documents\visual studio 2010\projects\dss\dss\dss.cpp(123): warning C4244: аргумент: преобразование "__int64" в "int", возможна потеря данных
     1>c:\users\nikita\documents\visual studio 2010\projects\dss\dss\dss.cpp(123): warning C4244: аргумент: преобразование "__int64" в "int", возможна потеря данных
     1>c:\users\nikita\documents\visual studio 2010\projects\dss\dss\dss.cpp(123): warning C4244: аргумент: преобразование "__int64" в "int", возможна потеря данных
     1>c:\users\nikita\documents\visual studio 2010\projects\dss\dss\dss.cpp(124): warning C4244: аргумент: преобразование "__int64" в "int", возможна потеря данных
     1>c:\users\nikita\documents\visual studio 2010\projects\dss\dss\dss.cpp(124): warning C4244: аргумент: преобразование "__int64" в "int", возможна потеря данных
     1>c:\users\nikita\documents\visual studio 2010\projects\dss\dss\dss.cpp(125): warning C4244: аргумент: преобразование "__int64" в "int", возможна потеря данных
     1>c:\users\nikita\documents\visual studio 2010\projects\dss\dss\dss.cpp(125): warning C4244: аргумент: преобразование "__int64" в "int", возможна потеря данных
     1>c:\users\nikita\documents\visual studio 2010\projects\dss\dss\dss.cpp(126): warning C4244: аргумент: преобразование "__int64" в "int", возможна потеря данных
     1>c:\users\nikita\documents\visual studio 2010\projects\dss\dss\dss.cpp(126): warning C4244: аргумент: преобразование "__int64" в "int", возможна потеря данных
     1>c:\users\nikita\documents\visual studio 2010\projects\dss\dss\dss.cpp(126): warning C4244: аргумент: преобразование "__int64" в "int", возможна потеря данных
     1>c:\users\nikita\documents\visual studio 2010\projects\dss\dss\dss.cpp(126): warning C4244: аргумент: преобразование "__int64" в "int", возможна потеря данных
     1>c:\users\nikita\documents\visual studio 2010\projects\dss\dss\dss.cpp(126): warning C4244: аргумент: преобразование "__int64" в "int", возможна потеря данных
     1>c:\users\nikita\documents\visual studio 2010\projects\dss\dss\dss.cpp(126): warning C4244: аргумент: преобразование "__int64" в "int", возможна потеря данных
     1>c:\users\nikita\documents\visual studio 2010\projects\dss\dss\dss.cpp(126): warning C4244: аргумент: преобразование "__int64" в "int", возможна потеря данных
     1>c:\users\nikita\documents\visual studio 2010\projects\dss\dss\dss.cpp(126): warning C4244: аргумент: преобразование "__int64" в "int", возможна потеря данных
       Link:
         C:\Program Files (x86)\Microsoft Visual Studio 10.0\VC\bin\link.exe /ERRORREPORT:PROMPT /OUT:"C:\Users\nikita\Documents\Visual Studio 2010\Projects\dss\Debug\dss.exe" /NOLOGO kernel32.lib user32.lib gdi32.lib winspool.lib comdlg32.lib advapi32.lib shell32.lib ole32.lib oleaut32.lib uuid.lib odbc32.lib odbccp32.lib /MANIFEST /ManifestFile:"Debug\dss.exe.intermediate.manifest" /MANIFESTUAC:"level='asInvoker' uiAccess='false'" /DEBUG /PDB:"C:\Users\nikita\Documents\Visual Studio 2010\Projects\dss\Debug\dss.pdb" /TLBID:1 /DYNAMICBASE /NXCOMPAT /IMPLIB:"C:\Users\nikita\Documents\Visual Studio 2010\Projects\dss\Debug\dss.lib" /MACHINE:X86 Debug\dss.obj
         LINK : не найден или не выполнена сборка C:\Users\nikita\Documents\Visual Studio 2010\Projects\dss\Debug\dss.exe при последней инкрементной компоновке; выполняется полная компоновка
         dss.vcxproj -> C:\Users\nikita\Documents\Visual Studio 2010\Projects\dss\Debug\dss.exe
       Manifest:
         C:\Program Files (x86)\Microsoft SDKs\Windows\v7.0A\bin\mt.exe /nologo /verbose /outputresource:"C:\Users\nikita\Documents\Visual Studio 2010\Projects\dss\Debug\dss.exe;#1" /manifest Debug\dss.exe.intermediate.manifest
       FinalizeBuildStatus:
         Файл "Debug\dss.unsuccessfulbuild" удаляется.
         Обращение к "Debug\dss.lastbuildstate".
     1>Построение проекта "C:\Users\nikita\Documents\Visual Studio 2010\Projects\dss\dss\dss.vcxproj" завершено (целевые объекты build).

Построение успешно завершено.

Затраченное время: 00:00:01.28
