Построение начато 27.03.2018 20:50:02.
     1>Проект "C:\Users\nikita\Documents\Visual Studio 2010\Projects\shifr\shifr\shifr.vcxproj" в узле 2 (целевые объекты build).
     1>InitializeBuildStatus:
         Создание "Debug\shifr.unsuccessfulbuild", так как было задано "AlwaysCreate".
       ClCompile:
         C:\Program Files (x86)\Microsoft Visual Studio 10.0\VC\bin\CL.exe /c /ZI /nologo /W3 /WX- /Od /Oy- /D _MBCS /Gm /EHsc /RTC1 /MDd /GS /fp:precise /Zc:wchar_t /Zc:forScope /Fo"Debug\\" /Fd"Debug\vc100.pdb" /Gd /TP /analyze- /errorReport:prompt shifr.cpp
         Пропуск... (изменения не обнаружены)
         shifr.cpp
       Link:
         C:\Program Files (x86)\Microsoft Visual Studio 10.0\VC\bin\link.exe /ERRORREPORT:PROMPT /OUT:"C:\Users\nikita\Documents\Visual Studio 2010\Projects\shifr\Debug\shifr.exe" /NOLOGO kernel32.lib user32.lib gdi32.lib winspool.lib comdlg32.lib advapi32.lib shell32.lib ole32.lib oleaut32.lib uuid.lib odbc32.lib odbccp32.lib /MANIFEST /ManifestFile:"Debug\shifr.exe.intermediate.manifest" /MANIFESTUAC:"level='asInvoker' uiAccess='false'" /DEBUG /PDB:"C:\Users\nikita\Documents\Visual Studio 2010\Projects\shifr\Debug\shifr.pdb" /TLBID:1 /DYNAMICBASE /NXCOMPAT /IMPLIB:"C:\Users\nikita\Documents\Visual Studio 2010\Projects\shifr\Debug\shifr.lib" /MACHINE:X86 Debug\shifr.obj
         LINK : не найден или не выполнена сборка C:\Users\nikita\Documents\Visual Studio 2010\Projects\shifr\Debug\shifr.exe при последней инкрементной компоновке; выполняется полная компоновка
         shifr.vcxproj -> C:\Users\nikita\Documents\Visual Studio 2010\Projects\shifr\Debug\shifr.exe
       Manifest:
         C:\Program Files (x86)\Microsoft SDKs\Windows\v7.0A\bin\mt.exe /nologo /verbose /outputresource:"C:\Users\nikita\Documents\Visual Studio 2010\Projects\shifr\Debug\shifr.exe;#1" /manifest Debug\shifr.exe.intermediate.manifest
       FinalizeBuildStatus:
         Файл "Debug\shifr.unsuccessfulbuild" удаляется.
         Обращение к "Debug\shifr.lastbuildstate".
     1>Построение проекта "C:\Users\nikita\Documents\Visual Studio 2010\Projects\shifr\shifr\shifr.vcxproj" завершено (целевые объекты build).

Построение успешно завершено.

Затраченное время: 00:00:00.78
