Построение начато 19.10.2016 17:10:12.
     1>Проект "c:\Users\nikita\documents\visual studio 2010\Projects\lab\lab-1\lab-1.vcxproj" в узле 2 (целевые объекты build).
     1>InitializeBuildStatus:
         Обращение к "Debug\lab-1.unsuccessfulbuild".
       ClCompile:
         C:\Program Files (x86)\Microsoft Visual Studio 10.0\VC\bin\CL.exe /c /ZI /nologo /W3 /WX- /Od /Oy- /D WIN32 /D _DEBUG /D _CONSOLE /D _UNICODE /D UNICODE /Gm /EHsc /RTC1 /MDd /GS /fp:precise /Zc:wchar_t /Zc:forScope /Fo"Debug\\" /Fd"Debug\vc100.pdb" /Gd /TC /analyze- /errorReport:prompt lab.c
         lab.c
     1>c:\users\nikita\documents\visual studio 2010\projects\lab\lab-1\lab.c(13): warning C4013: _getch: нет определения; предполагается "extern" с возвратом типа "int"
       Link:
         C:\Program Files (x86)\Microsoft Visual Studio 10.0\VC\bin\link.exe /ERRORREPORT:PROMPT /OUT:"c:\users\nikita\documents\visual studio 2010\Projects\lab\Debug\lab-1.exe" /INCREMENTAL:NO /NOLOGO kernel32.lib user32.lib gdi32.lib winspool.lib comdlg32.lib advapi32.lib shell32.lib ole32.lib oleaut32.lib uuid.lib odbc32.lib odbccp32.lib /MANIFEST /ManifestFile:"Debug\lab-1.exe.intermediate.manifest" /MANIFESTUAC:"level='asInvoker' uiAccess='false'" /DEBUG /PDB:"c:\users\nikita\documents\visual studio 2010\Projects\lab\Debug\lab-1.pdb" /SUBSYSTEM:CONSOLE /TLBID:1 /DYNAMICBASE /NXCOMPAT /IMPLIB:"c:\users\nikita\documents\visual studio 2010\Projects\lab\Debug\lab-1.lib" /MACHINE:X86 Debug\lab.obj
     1>lab.obj : warning LNK4075: не учитывается "/EDITANDCONTINUE" из-за спецификации "/INCREMENTAL:NO"
         lab-1.vcxproj -> c:\users\nikita\documents\visual studio 2010\Projects\lab\Debug\lab-1.exe
       Manifest:
         C:\Program Files (x86)\Microsoft SDKs\Windows\v7.0A\bin\mt.exe /nologo /verbose /outputresource:"c:\users\nikita\documents\visual studio 2010\Projects\lab\Debug\lab-1.exe;#1" /manifest "Debug\lab-1.exe.intermediate.manifest"
       FinalizeBuildStatus:
         Файл "Debug\lab-1.unsuccessfulbuild" удаляется.
         Обращение к "Debug\lab-1.lastbuildstate".
     1>Построение проекта "c:\Users\nikita\documents\visual studio 2010\Projects\lab\lab-1\lab-1.vcxproj" завершено (целевые объекты build).

Построение успешно завершено.

Затраченное время: 00:00:00.84
