Построение начато 12.10.2016 23:49:10.
     1>Проект "c:\Users\nikita\documents\visual studio 2010\Projects\stroki-potoki\stroki-potoki\stroki-potoki.vcxproj" в узле 2 (целевые объекты build).
     1>InitializeBuildStatus:
         Создание "Debug\stroki-potoki.unsuccessfulbuild", так как было задано "AlwaysCreate".
       ClCompile:
         C:\Program Files (x86)\Microsoft Visual Studio 10.0\VC\bin\CL.exe /c /ZI /nologo /W3 /WX- /Od /Oy- /D _MBCS /Gm /EHsc /RTC1 /MDd /GS /fp:precise /Zc:wchar_t /Zc:forScope /Fo"Debug\\" /Fd"Debug\vc100.pdb" /Gd /TP /analyze- /errorReport:prompt stroki_potoki.cpp
         stroki_potoki.cpp
     1>c:\users\nikita\documents\visual studio 2010\projects\stroki-potoki\stroki-potoki\stroki_potoki.cpp(15): warning C4101: kolvo_num: неиспользованная локальная переменная
       Link:
         C:\Program Files (x86)\Microsoft Visual Studio 10.0\VC\bin\link.exe /ERRORREPORT:PROMPT /OUT:"c:\users\nikita\documents\visual studio 2010\Projects\stroki-potoki\Debug\stroki-potoki.exe" /NOLOGO kernel32.lib user32.lib gdi32.lib winspool.lib comdlg32.lib advapi32.lib shell32.lib ole32.lib oleaut32.lib uuid.lib odbc32.lib odbccp32.lib /MANIFEST /ManifestFile:"Debug\stroki-potoki.exe.intermediate.manifest" /MANIFESTUAC:"level='asInvoker' uiAccess='false'" /DEBUG /PDB:"c:\users\nikita\documents\visual studio 2010\Projects\stroki-potoki\Debug\stroki-potoki.pdb" /TLBID:1 /DYNAMICBASE /NXCOMPAT /IMPLIB:"c:\users\nikita\documents\visual studio 2010\Projects\stroki-potoki\Debug\stroki-potoki.lib" /MACHINE:X86 "Debug\stroki-potoki(ok).obj"
         Debug\stroki_potoki.obj
         LINK : не найден или не выполнена сборка c:\users\nikita\documents\visual studio 2010\Projects\stroki-potoki\Debug\stroki-potoki.exe при последней инкрементной компоновке; выполняется полная компоновка
         stroki-potoki.vcxproj -> c:\users\nikita\documents\visual studio 2010\Projects\stroki-potoki\Debug\stroki-potoki.exe
       Manifest:
         C:\Program Files (x86)\Microsoft SDKs\Windows\v7.0A\bin\mt.exe /nologo /verbose /outputresource:"c:\users\nikita\documents\visual studio 2010\Projects\stroki-potoki\Debug\stroki-potoki.exe;#1" /manifest "Debug\stroki-potoki.exe.intermediate.manifest"
       FinalizeBuildStatus:
         Файл "Debug\stroki-potoki.unsuccessfulbuild" удаляется.
         Обращение к "Debug\stroki-potoki.lastbuildstate".
     1>Построение проекта "c:\Users\nikita\documents\visual studio 2010\Projects\stroki-potoki\stroki-potoki\stroki-potoki.vcxproj" завершено (целевые объекты build).

Построение успешно завершено.

Затраченное время: 00:00:03.22
