Построение начато 15.12.2016 21:38:28.
     1>Проект "C:\Users\nikita\Documents\Visual Studio 2010\Projects\rsa\rsa\rsa.vcxproj" в узле 2 (целевые объекты build).
     1>InitializeBuildStatus:
         Создание "Debug\rsa.unsuccessfulbuild", так как было задано "AlwaysCreate".
       ClCompile:
         C:\Program Files (x86)\Microsoft Visual Studio 10.0\VC\bin\CL.exe /c /ZI /nologo /W3 /WX- /Od /Oy- /D _MBCS /Gm /EHsc /RTC1 /MDd /GS /fp:precise /Zc:wchar_t /Zc:forScope /Fo"Debug\\" /Fd"Debug\vc100.pdb" /Gd /TP /analyze- /errorReport:prompt rsa.cpp
         rsa.cpp
     1>c:\users\nikita\documents\visual studio 2010\projects\rsa\rsa\rsa.cpp(76): warning C4244: аргумент: преобразование "time_t" в "unsigned int", возможна потеря данных
     1>c:\users\nikita\documents\visual studio 2010\projects\rsa\rsa\rsa.cpp(77): warning C4244: аргумент: преобразование "unsigned __int64" в "int", возможна потеря данных
     1>c:\users\nikita\documents\visual studio 2010\projects\rsa\rsa\rsa.cpp(81): warning C4244: аргумент: преобразование "unsigned __int64" в "int", возможна потеря данных
     1>c:\users\nikita\documents\visual studio 2010\projects\rsa\rsa\rsa.cpp(88): warning C4244: аргумент: преобразование "unsigned __int64" в "int", возможна потеря данных
     1>c:\users\nikita\documents\visual studio 2010\projects\rsa\rsa\rsa.cpp(88): warning C4244: аргумент: преобразование "unsigned __int64" в "int", возможна потеря данных
     1>c:\users\nikita\documents\visual studio 2010\projects\rsa\rsa\rsa.cpp(93): warning C4244: аргумент: преобразование "unsigned __int64" в "int", возможна потеря данных
     1>c:\users\nikita\documents\visual studio 2010\projects\rsa\rsa\rsa.cpp(93): warning C4244: аргумент: преобразование "unsigned __int64" в "int", возможна потеря данных
     1>c:\users\nikita\documents\visual studio 2010\projects\rsa\rsa\rsa.cpp(93): warning C4244: аргумент: преобразование "unsigned __int64" в "int", возможна потеря данных
     1>c:\users\nikita\documents\visual studio 2010\projects\rsa\rsa\rsa.cpp(94): warning C4244: аргумент: преобразование "unsigned __int64" в "int", возможна потеря данных
     1>c:\users\nikita\documents\visual studio 2010\projects\rsa\rsa\rsa.cpp(94): warning C4244: аргумент: преобразование "unsigned __int64" в "int", возможна потеря данных
     1>c:\users\nikita\documents\visual studio 2010\projects\rsa\rsa\rsa.cpp(94): warning C4244: аргумент: преобразование "unsigned __int64" в "int", возможна потеря данных
     1>c:\users\nikita\documents\visual studio 2010\projects\rsa\rsa\rsa.cpp(95): warning C4244: аргумент: преобразование "unsigned __int64" в "int", возможна потеря данных
     1>c:\users\nikita\documents\visual studio 2010\projects\rsa\rsa\rsa.cpp(95): warning C4244: аргумент: преобразование "unsigned __int64" в "int", возможна потеря данных
     1>c:\users\nikita\documents\visual studio 2010\projects\rsa\rsa\rsa.cpp(95): warning C4244: аргумент: преобразование "unsigned __int64" в "int", возможна потеря данных
       Link:
         C:\Program Files (x86)\Microsoft Visual Studio 10.0\VC\bin\link.exe /ERRORREPORT:PROMPT /OUT:"C:\Users\nikita\Documents\Visual Studio 2010\Projects\rsa\Debug\rsa.exe" /NOLOGO kernel32.lib user32.lib gdi32.lib winspool.lib comdlg32.lib advapi32.lib shell32.lib ole32.lib oleaut32.lib uuid.lib odbc32.lib odbccp32.lib /MANIFEST /ManifestFile:"Debug\rsa.exe.intermediate.manifest" /MANIFESTUAC:"level='asInvoker' uiAccess='false'" /DEBUG /PDB:"C:\Users\nikita\Documents\Visual Studio 2010\Projects\rsa\Debug\rsa.pdb" /TLBID:1 /DYNAMICBASE /NXCOMPAT /IMPLIB:"C:\Users\nikita\Documents\Visual Studio 2010\Projects\rsa\Debug\rsa.lib" /MACHINE:X86 Debug\rsa.obj
         LINK : не найден или не выполнена сборка C:\Users\nikita\Documents\Visual Studio 2010\Projects\rsa\Debug\rsa.exe при последней инкрементной компоновке; выполняется полная компоновка
         rsa.vcxproj -> C:\Users\nikita\Documents\Visual Studio 2010\Projects\rsa\Debug\rsa.exe
       Manifest:
         C:\Program Files (x86)\Microsoft SDKs\Windows\v7.0A\bin\mt.exe /nologo /verbose /outputresource:"C:\Users\nikita\Documents\Visual Studio 2010\Projects\rsa\Debug\rsa.exe;#1" /manifest Debug\rsa.exe.intermediate.manifest
       FinalizeBuildStatus:
         Файл "Debug\rsa.unsuccessfulbuild" удаляется.
         Обращение к "Debug\rsa.lastbuildstate".
     1>Построение проекта "C:\Users\nikita\Documents\Visual Studio 2010\Projects\rsa\rsa\rsa.vcxproj" завершено (целевые объекты build).

Построение успешно завершено.

Затраченное время: 00:00:01.29
