Построение начато 24.12.2016 23:21:06.
     1>Проект "C:\Users\nikita\Documents\Visual Studio 2010\Projects\kurkina-9\kurkina-9\kurkina-9.vcxproj" в узле 2 (целевые объекты build).
     1>InitializeBuildStatus:
         Создание "Debug\kurkina-9.unsuccessfulbuild", так как было задано "AlwaysCreate".
       ClCompile:
         C:\Program Files (x86)\Microsoft Visual Studio 10.0\VC\bin\CL.exe /c /ZI /nologo /W3 /WX- /Od /Oy- /D _MBCS /Gm /EHsc /RTC1 /MDd /GS /fp:precise /Zc:wchar_t /Zc:forScope /Fo"Debug\\" /Fd"Debug\vc100.pdb" /Gd /TP /analyze- /errorReport:prompt "laba-9.cpp"
         laba-9.cpp
     1>c:\users\nikita\documents\visual studio 2010\projects\kurkina-9\kurkina-9\laba-9.cpp(15): warning C4101: yrr: неиспользованная локальная переменная
       Link:
         C:\Program Files (x86)\Microsoft Visual Studio 10.0\VC\bin\link.exe /ERRORREPORT:PROMPT /OUT:"C:\Users\nikita\Documents\Visual Studio 2010\Projects\kurkina-9\Debug\kurkina-9.exe" /NOLOGO kernel32.lib user32.lib gdi32.lib winspool.lib comdlg32.lib advapi32.lib shell32.lib ole32.lib oleaut32.lib uuid.lib odbc32.lib odbccp32.lib /MANIFEST /ManifestFile:"Debug\kurkina-9.exe.intermediate.manifest" /MANIFESTUAC:"level='asInvoker' uiAccess='false'" /DEBUG /PDB:"C:\Users\nikita\Documents\Visual Studio 2010\Projects\kurkina-9\Debug\kurkina-9.pdb" /TLBID:1 /DYNAMICBASE /NXCOMPAT /IMPLIB:"C:\Users\nikita\Documents\Visual Studio 2010\Projects\kurkina-9\Debug\kurkina-9.lib" /MACHINE:X86 "Debug\laba-9.obj"
         LINK : не найден или не выполнена сборка C:\Users\nikita\Documents\Visual Studio 2010\Projects\kurkina-9\Debug\kurkina-9.exe при последней инкрементной компоновке; выполняется полная компоновка
         kurkina-9.vcxproj -> C:\Users\nikita\Documents\Visual Studio 2010\Projects\kurkina-9\Debug\kurkina-9.exe
       Manifest:
         C:\Program Files (x86)\Microsoft SDKs\Windows\v7.0A\bin\mt.exe /nologo /verbose /outputresource:"C:\Users\nikita\Documents\Visual Studio 2010\Projects\kurkina-9\Debug\kurkina-9.exe;#1" /manifest "Debug\kurkina-9.exe.intermediate.manifest"
       FinalizeBuildStatus:
         Файл "Debug\kurkina-9.unsuccessfulbuild" удаляется.
         Обращение к "Debug\kurkina-9.lastbuildstate".
     1>Построение проекта "C:\Users\nikita\Documents\Visual Studio 2010\Projects\kurkina-9\kurkina-9\kurkina-9.vcxproj" завершено (целевые объекты build).

Построение успешно завершено.

Затраченное время: 00:00:01.26
