Построение начато 27.03.2018 20:46:43.
     1>Проект "C:\Users\nikita\Documents\Visual Studio 2010\Projects\evklida\evklida\evklida.vcxproj" в узле 2 (целевые объекты build).
     1>InitializeBuildStatus:
         Создание "Debug\evklida.unsuccessfulbuild", так как было задано "AlwaysCreate".
       ClCompile:
         C:\Program Files (x86)\Microsoft Visual Studio 10.0\VC\bin\CL.exe /c /ZI /nologo /W3 /WX- /Od /Oy- /D _MBCS /Gm /EHsc /RTC1 /MDd /GS /fp:precise /Zc:wchar_t /Zc:forScope /Fo"Debug\\" /Fd"Debug\vc100.pdb" /Gd /TP /analyze- /errorReport:prompt evklid.cpp
         Пропуск... (изменения не обнаружены)
         evklid.cpp
       Link:
         C:\Program Files (x86)\Microsoft Visual Studio 10.0\VC\bin\link.exe /ERRORREPORT:PROMPT /OUT:"C:\Users\nikita\Documents\Visual Studio 2010\Projects\evklida\Debug\evklida.exe" /NOLOGO kernel32.lib user32.lib gdi32.lib winspool.lib comdlg32.lib advapi32.lib shell32.lib ole32.lib oleaut32.lib uuid.lib odbc32.lib odbccp32.lib /MANIFEST /ManifestFile:"Debug\evklida.exe.intermediate.manifest" /MANIFESTUAC:"level='asInvoker' uiAccess='false'" /DEBUG /PDB:"C:\Users\nikita\Documents\Visual Studio 2010\Projects\evklida\Debug\evklida.pdb" /TLBID:1 /DYNAMICBASE /NXCOMPAT /IMPLIB:"C:\Users\nikita\Documents\Visual Studio 2010\Projects\evklida\Debug\evklida.lib" /MACHINE:X86 Debug\evklid.obj
         LINK : не найден или не выполнена сборка C:\Users\nikita\Documents\Visual Studio 2010\Projects\evklida\Debug\evklida.exe при последней инкрементной компоновке; выполняется полная компоновка
         evklida.vcxproj -> C:\Users\nikita\Documents\Visual Studio 2010\Projects\evklida\Debug\evklida.exe
       Manifest:
         C:\Program Files (x86)\Microsoft SDKs\Windows\v7.0A\bin\mt.exe /nologo /verbose /outputresource:"C:\Users\nikita\Documents\Visual Studio 2010\Projects\evklida\Debug\evklida.exe;#1" /manifest Debug\evklida.exe.intermediate.manifest
       FinalizeBuildStatus:
         Файл "Debug\evklida.unsuccessfulbuild" удаляется.
         Обращение к "Debug\evklida.lastbuildstate".
     1>Построение проекта "C:\Users\nikita\Documents\Visual Studio 2010\Projects\evklida\evklida\evklida.vcxproj" завершено (целевые объекты build).

Построение успешно завершено.

Затраченное время: 00:00:01.17
