C:\USERS\NIKITA\DOCUMENTS\VISUAL STUDIO 2010\PROJECTS\SHAIKIN\DEBUG\SHAIKIN.EXE
C:\USERS\NIKITA\DOCUMENTS\VISUAL STUDIO 2010\PROJECTS\SHAIKIN\DEBUG\SHAIKIN.ILK
C:\USERS\NIKITA\DOCUMENTS\VISUAL STUDIO 2010\PROJECTS\SHAIKIN\DEBUG\SHAIKIN.PDB
c:\Users\nikita\documents\visual studio 2010\Projects\shaikin\shaikin\Debug\cl.command.1.tlog
c:\Users\nikita\documents\visual studio 2010\Projects\shaikin\shaikin\Debug\CL.read.1.tlog
c:\Users\nikita\documents\visual studio 2010\Projects\shaikin\shaikin\Debug\CL.write.1.tlog
c:\Users\nikita\documents\visual studio 2010\Projects\shaikin\shaikin\Debug\link.1788.read.1.tlog
c:\Users\nikita\documents\visual studio 2010\Projects\shaikin\shaikin\Debug\link.1788.write.1.tlog
c:\Users\nikita\documents\visual studio 2010\Projects\shaikin\shaikin\Debug\link.2160.read.1.tlog
c:\Users\nikita\documents\visual studio 2010\Projects\shaikin\shaikin\Debug\link.2160.write.1.tlog
c:\Users\nikita\documents\visual studio 2010\Projects\shaikin\shaikin\Debug\link.3892.read.1.tlog
c:\Users\nikita\documents\visual studio 2010\Projects\shaikin\shaikin\Debug\link.3892.write.1.tlog
c:\Users\nikita\documents\visual studio 2010\Projects\shaikin\shaikin\Debug\link.4484.read.1.tlog
c:\Users\nikita\documents\visual studio 2010\Projects\shaikin\shaikin\Debug\link.4484.write.1.tlog
c:\Users\nikita\documents\visual studio 2010\Projects\shaikin\shaikin\Debug\link.4676.read.1.tlog
c:\Users\nikita\documents\visual studio 2010\Projects\shaikin\shaikin\Debug\link.4676.write.1.tlog
c:\Users\nikita\documents\visual studio 2010\Projects\shaikin\shaikin\Debug\link.6744.read.1.tlog
c:\Users\nikita\documents\visual studio 2010\Projects\shaikin\shaikin\Debug\link.6744.write.1.tlog
c:\Users\nikita\documents\visual studio 2010\Projects\shaikin\shaikin\Debug\link.command.1.tlog
c:\Users\nikita\documents\visual studio 2010\Projects\shaikin\shaikin\Debug\link.read.1.tlog
c:\Users\nikita\documents\visual studio 2010\Projects\shaikin\shaikin\Debug\link.write.1.tlog
c:\Users\nikita\documents\visual studio 2010\Projects\shaikin\shaikin\Debug\mt.command.1.tlog
c:\Users\nikita\documents\visual studio 2010\Projects\shaikin\shaikin\Debug\mt.read.1.tlog
c:\Users\nikita\documents\visual studio 2010\Projects\shaikin\shaikin\Debug\mt.write.1.tlog
C:\USERS\NIKITA\DOCUMENTS\VISUAL STUDIO 2010\PROJECTS\SHAIKIN\SHAIKIN\DEBUG\SHAIKIN.EXE.INTERMEDIATE.MANIFEST
c:\Users\nikita\documents\visual studio 2010\Projects\shaikin\shaikin\Debug\shaikin.vcxprojResolveAssemblyReference.cache
c:\Users\nikita\documents\visual studio 2010\Projects\shaikin\shaikin\Debug\shaikin.write.1.tlog
C:\USERS\NIKITA\DOCUMENTS\VISUAL STUDIO 2010\PROJECTS\SHAIKIN\SHAIKIN\DEBUG\SHIFR.OBJ
C:\USERS\NIKITA\DOCUMENTS\VISUAL STUDIO 2010\PROJECTS\SHAIKIN\SHAIKIN\DEBUG\VC100.PDB
